<?xml version="1.0" encoding="UTF-8"?>
<!-- Generated by org.testng.reporters.JUnitReportReporter -->
<testsuite skipped="0" hostname="Binv" name="com.auto.test.tadashboard.DA_LOGIN_TC002" tests="1" failures="0" timestamp="2022-10-20T20:54:59 ICT" time="2.370" errors="0">
  <testcase name="DA_LOGIN_TC002_User_can_not_login_specific_repository_via_login_page_with_incorrect_credentials" time="2.370" classname="com.auto.test.tadashboard.DA_LOGIN_TC002"/>
  <system-out>
    <![CDATA[Step 1: Navigate to Dashboard login page
Step 2: Enter invalid username and password
Step 3: Verify that Dashboard Main page appears
Post-Condition: Close message and Close Dashboard]]>
  </system-out>
</testsuite> <!-- com.auto.test.tadashboard.DA_LOGIN_TC002 -->
