<?xml version="1.0" encoding="UTF-8"?>
<!-- Generated by org.testng.reporters.JUnitReportReporter -->
<testsuite skipped="0" hostname="Binv" name="com.auto.test.tadashboard.DA_LOGIN_TC001" tests="1" failures="0" timestamp="2022-10-20T20:54:59 ICT" time="6.079" errors="0">
  <testcase name="DA_LOGIN_TC001_User_can_login_specific_repository_via_login_page" time="6.079" classname="com.auto.test.tadashboard.DA_LOGIN_TC001"/>
  <system-out>
    <![CDATA[Step 1: Navigate to Dashboard login page
Step 2: Enter valid username and password and Click on Login button
Step 3: Verify that Dashboard Main page appears
Post-Condition: Log out and Close Dashboard]]>
  </system-out>
</testsuite> <!-- com.auto.test.tadashboard.DA_LOGIN_TC001 -->
